[20.11.2015 20:08:38,195] [main] INFO  org.jgap.gp.impl.GPGenotype  - Creating initial population
[20.11.2015 20:08:38,202] [main] INFO  org.jgap.gp.impl.GPGenotype  - Mem free: 245.5 MB
[20.11.2015 20:08:38,215] [main] INFO  org.jgap.gp.impl.GPPopulation  - Prototype program set
[20.11.2015 20:08:38,259] [main] INFO  org.jgap.gp.impl.GPGenotype  - Mem free after creating population: 245.5 MB
[20.11.2015 20:08:38,265] [main] INFO  org.jgap.gp.impl.GPGenotype  - Your configuration does not contain unused commands, this is good
[20.11.2015 20:08:38,266] [main] INFO  org.jgap.gp.impl.GPGenotype  - Evolving generation 0, memory free: 242.4 MB
[20.11.2015 20:08:38,348] [main] INFO  org.jgap.gp.impl.GPGenotype  - Best solution fitness: 113.0
[20.11.2015 20:08:38,351] [main] INFO  org.jgap.gp.impl.GPGenotype  - Best solution: (4 + X) * X
[20.11.2015 20:08:38,352] [main] INFO  org.jgap.gp.impl.GPGenotype  - Depth of chrom: 2
[20.11.2015 20:08:38,382] [main] INFO  org.jgap.gp.impl.GPGenotype  - Best solution fitness: 79.0
[20.11.2015 20:08:38,383] [main] INFO  org.jgap.gp.impl.GPGenotype  - Best solution: (X * X) + (X + ((7 + X) + (X + (Y + 0))))
[20.11.2015 20:08:38,384] [main] INFO  org.jgap.gp.impl.GPGenotype  - Depth of chrom: 5
[20.11.2015 20:08:38,423] [main] INFO  org.jgap.gp.impl.GPGenotype  - Best solution fitness: 52.0
[20.11.2015 20:08:38,424] [main] INFO  org.jgap.gp.impl.GPGenotype  - Best solution: (((Y + 7) + (X * X)) + 4) + ((3 * X) + 5)
[20.11.2015 20:08:38,425] [main] INFO  org.jgap.gp.impl.GPGenotype  - Depth of chrom: 4
[20.11.2015 20:08:38,495] [main] INFO  org.jgap.gp.impl.GPGenotype  - Best solution fitness: 5.0
[20.11.2015 20:08:38,499] [main] INFO  org.jgap.gp.impl.GPGenotype  - Best solution: ((X + Y) + (Y + X)) + ((X * X) + (X + 6))
[20.11.2015 20:08:38,499] [main] INFO  org.jgap.gp.impl.GPGenotype  - Depth of chrom: 3
[20.11.2015 20:08:38,514] [main] INFO  org.jgap.gp.impl.GPGenotype  - Best solution fitness: 0.0
[20.11.2015 20:08:38,515] [main] INFO  org.jgap.gp.impl.GPGenotype  - Best solution: ((X + (X + Y)) + (X * X)) + ((Y + 5) + X)
[20.11.2015 20:08:38,516] [main] INFO  org.jgap.gp.impl.GPGenotype  - Depth of chrom: 4
[20.11.2015 20:08:38,804] [main] INFO  org.jgap.gp.impl.GPGenotype  - Evolving generation 25, memory free: 194.9 MB
[20.11.2015 20:08:38,892] [main] INFO  org.jgap.gp.impl.GPGenotype  - Best solution fitness: 0.0
[20.11.2015 20:08:38,896] [main] INFO  org.jgap.gp.impl.GPGenotype  - Best solution: ((X + (X + Y)) + (X * X)) + ((Y + 5) + X)
[20.11.2015 20:08:38,899] [main] INFO  org.jgap.gp.impl.GPGenotype  - Depth of chrom: 4
[21.11.2015 15:09:12,424] [main] INFO  org.jgap.gp.impl.GPGenotype  - Creating initial population
[21.11.2015 15:09:12,434] [main] INFO  org.jgap.gp.impl.GPGenotype  - Mem free: 245.5 MB
[21.11.2015 15:09:12,445] [main] INFO  org.jgap.gp.impl.GPPopulation  - Prototype program set
[21.11.2015 15:09:12,488] [main] INFO  org.jgap.gp.impl.GPGenotype  - Mem free after creating population: 245.5 MB
[21.11.2015 15:09:12,491] [main] INFO  org.jgap.gp.impl.GPGenotype  - Your configuration does not contain unused commands, this is good
[21.11.2015 15:09:12,492] [main] INFO  org.jgap.gp.impl.GPGenotype  - Evolving generation 0, memory free: 242.4 MB
[21.11.2015 15:09:12,568] [main] INFO  org.jgap.gp.impl.GPGenotype  - Best solution fitness: 89.0
[21.11.2015 15:09:12,572] [main] INFO  org.jgap.gp.impl.GPGenotype  - Best solution: ((X * X) + (Y + X)) + ((6 + Y) + (X + 6))
[21.11.2015 15:09:12,572] [main] INFO  org.jgap.gp.impl.GPGenotype  - Depth of chrom: 3
[21.11.2015 15:09:12,651] [main] INFO  org.jgap.gp.impl.GPGenotype  - Best solution fitness: 73.0
[21.11.2015 15:09:12,652] [main] INFO  org.jgap.gp.impl.GPGenotype  - Best solution: ((X * X) + (Y + X)) + ((3 + X) + (X + 6))
[21.11.2015 15:09:12,654] [main] INFO  org.jgap.gp.impl.GPGenotype  - Depth of chrom: 3
[21.11.2015 15:09:12,729] [main] INFO  org.jgap.gp.impl.GPGenotype  - Best solution fitness: 5.0
[21.11.2015 15:09:12,730] [main] INFO  org.jgap.gp.impl.GPGenotype  - Best solution: ((X * X) + (Y + X)) + ((Y + X) + (X + 6))
[21.11.2015 15:09:12,731] [main] INFO  org.jgap.gp.impl.GPGenotype  - Depth of chrom: 3
[21.11.2015 15:09:13,010] [main] INFO  org.jgap.gp.impl.GPGenotype  - Best solution fitness: 0.0
[21.11.2015 15:09:13,011] [main] INFO  org.jgap.gp.impl.GPGenotype  - Best solution: (Y + ((Y + ((2 + X) * X)) + X)) + 5
[21.11.2015 15:09:13,013] [main] INFO  org.jgap.gp.impl.GPGenotype  - Depth of chrom: 6
[21.11.2015 15:09:13,120] [main] INFO  org.jgap.gp.impl.GPGenotype  - Evolving generation 25, memory free: 197.0 MB
[21.11.2015 15:09:13,185] [main] INFO  org.jgap.gp.impl.GPGenotype  - Best solution fitness: 0.0
[21.11.2015 15:09:13,185] [main] INFO  org.jgap.gp.impl.GPGenotype  - Best solution: (Y + ((Y + ((2 + X) * X)) + X)) + 5
[21.11.2015 15:09:13,185] [main] INFO  org.jgap.gp.impl.GPGenotype  - Depth of chrom: 6
[21.11.2015 15:09:36,715] [main] INFO  org.jgap.gp.impl.GPGenotype  - Creating initial population
[21.11.2015 15:09:36,722] [main] INFO  org.jgap.gp.impl.GPGenotype  - Mem free: 245.5 MB
[21.11.2015 15:09:36,733] [main] INFO  org.jgap.gp.impl.GPPopulation  - Prototype program set
[21.11.2015 15:09:36,775] [main] INFO  org.jgap.gp.impl.GPGenotype  - Mem free after creating population: 245.5 MB
[21.11.2015 15:09:36,778] [main] INFO  org.jgap.gp.impl.GPGenotype  - Your configuration does not contain unused commands, this is good
[21.11.2015 15:09:36,778] [main] INFO  org.jgap.gp.impl.GPGenotype  - Evolving generation 0, memory free: 242.4 MB
[21.11.2015 16:30:28,596] [main] INFO  org.jgap.gp.impl.GPGenotype  - Creating initial population
[21.11.2015 16:30:28,603] [main] INFO  org.jgap.gp.impl.GPGenotype  - Mem free: 245.5 MB
[21.11.2015 16:31:33,848] [main] INFO  org.jgap.gp.impl.GPGenotype  - Creating initial population
[21.11.2015 16:31:33,860] [main] INFO  org.jgap.gp.impl.GPGenotype  - Mem free: 245.5 MB
[21.11.2015 16:39:51,359] [main] INFO  org.jgap.gp.impl.GPGenotype  - Creating initial population
[21.11.2015 16:39:51,369] [main] INFO  org.jgap.gp.impl.GPGenotype  - Mem free: 245.5 MB
[21.11.2015 16:43:07,506] [main] INFO  org.jgap.gp.impl.GPGenotype  - Creating initial population
[21.11.2015 16:43:07,512] [main] INFO  org.jgap.gp.impl.GPGenotype  - Mem free: 245.5 MB
[21.11.2015 16:44:23,961] [main] INFO  org.jgap.gp.impl.GPGenotype  - Creating initial population
[21.11.2015 16:44:23,969] [main] INFO  org.jgap.gp.impl.GPGenotype  - Mem free: 245.5 MB
[21.11.2015 16:44:48,116] [main] INFO  org.jgap.gp.impl.GPGenotype  - Creating initial population
[21.11.2015 16:44:48,125] [main] INFO  org.jgap.gp.impl.GPGenotype  - Mem free: 245.5 MB
[21.11.2015 16:44:48,142] [main] INFO  org.jgap.gp.impl.GPPopulation  - Prototype program set
[21.11.2015 16:44:48,197] [main] INFO  org.jgap.gp.impl.GPGenotype  - Mem free after creating population: 245.5 MB
[21.11.2015 16:44:48,202] [main] INFO  org.jgap.gp.impl.GPGenotype  - Your configuration does not contain unused commands, this is good
[21.11.2015 16:44:48,203] [main] INFO  org.jgap.gp.impl.GPGenotype  - Evolving generation 0, memory free: 242.4 MB
[21.11.2015 16:44:48,291] [main] INFO  org.jgap.gp.impl.GPGenotype  - Best solution fitness: 10.0
[21.11.2015 16:44:48,294] [main] INFO  org.jgap.gp.impl.GPGenotype  - Best solution: ((X + X) + (X * X)) + ((X + Y) + (Y + 3))
[21.11.2015 16:44:48,294] [main] INFO  org.jgap.gp.impl.GPGenotype  - Depth of chrom: 3
[21.11.2015 16:44:48,652] [main] INFO  org.jgap.gp.impl.GPGenotype  - Best solution fitness: 5.0
[21.11.2015 16:44:48,652] [main] INFO  org.jgap.gp.impl.GPGenotype  - Best solution: (X * 1) + (((X * X) + (Y + (X + (6 + X)))) + Y)
[21.11.2015 16:44:48,652] [main] INFO  org.jgap.gp.impl.GPGenotype  - Depth of chrom: 6
[21.11.2015 16:44:49,160] [main] INFO  org.jgap.gp.impl.GPGenotype  - Best solution fitness: 0.0
[21.11.2015 16:44:49,160] [main] INFO  org.jgap.gp.impl.GPGenotype  - Best solution: ((Y + Y) + (X + ((4 + X) + ((X * 1) + (X * X))))) + 1
[21.11.2015 16:44:49,161] [main] INFO  org.jgap.gp.impl.GPGenotype  - Depth of chrom: 6
[21.11.2015 16:44:49,161] [main] INFO  org.jgap.gp.impl.GPGenotype  - Evolving generation 25, memory free: 179.6 MB
[21.11.2015 16:44:49,346] [main] INFO  org.jgap.gp.impl.GPGenotype  - Best solution fitness: 0.0
[21.11.2015 16:44:49,346] [main] INFO  org.jgap.gp.impl.GPGenotype  - Best solution: ((Y + Y) + (X + ((4 + X) + ((X * 1) + (X * X))))) + 1
[21.11.2015 16:44:49,347] [main] INFO  org.jgap.gp.impl.GPGenotype  - Depth of chrom: 6
[21.11.2015 16:45:32,879] [main] INFO  org.jgap.gp.impl.GPGenotype  - Creating initial population
[21.11.2015 16:45:32,887] [main] INFO  org.jgap.gp.impl.GPGenotype  - Mem free: 245.5 MB
[21.11.2015 16:45:32,900] [main] INFO  org.jgap.gp.impl.GPPopulation  - Prototype program set
[21.11.2015 16:45:32,942] [main] INFO  org.jgap.gp.impl.GPGenotype  - Mem free after creating population: 245.5 MB
[21.11.2015 16:45:32,944] [main] INFO  org.jgap.gp.impl.GPGenotype  - Your configuration does not contain unused commands, this is good
[21.11.2015 16:45:48,173] [main] INFO  org.jgap.gp.impl.GPGenotype  - Creating initial population
[21.11.2015 16:45:48,181] [main] INFO  org.jgap.gp.impl.GPGenotype  - Mem free: 245.5 MB
[21.11.2015 16:49:40,294] [main] INFO  org.jgap.gp.impl.GPGenotype  - Creating initial population
[21.11.2015 16:49:40,300] [main] INFO  org.jgap.gp.impl.GPGenotype  - Mem free: 245.5 MB
[21.11.2015 16:49:40,312] [main] INFO  org.jgap.gp.impl.GPPopulation  - Prototype program set
[21.11.2015 16:49:40,357] [main] INFO  org.jgap.gp.impl.GPGenotype  - Mem free after creating population: 245.5 MB
[21.11.2015 16:49:40,360] [main] INFO  org.jgap.gp.impl.GPGenotype  - Your configuration does not contain unused commands, this is good
[21.11.2015 16:49:42,788] [main] INFO  org.jgap.gp.impl.GPGenotype  - Evolving generation 0, memory free: 242.4 MB
[21.11.2015 16:49:42,938] [main] INFO  org.jgap.gp.impl.GPGenotype  - Best solution fitness: 113.0
[21.11.2015 16:49:42,941] [main] INFO  org.jgap.gp.impl.GPGenotype  - Best solution: (X * 4) + (X * X)
[21.11.2015 16:49:42,941] [main] INFO  org.jgap.gp.impl.GPGenotype  - Depth of chrom: 2
[21.11.2015 16:49:43,014] [main] INFO  org.jgap.gp.impl.GPGenotype  - Best solution fitness: 70.0
[21.11.2015 16:49:43,015] [main] INFO  org.jgap.gp.impl.GPGenotype  - Best solution: ((Y + X) + (X + X)) + ((X * X) + (Y + Y))
[21.11.2015 16:49:43,016] [main] INFO  org.jgap.gp.impl.GPGenotype  - Depth of chrom: 3
[21.11.2015 16:49:43,083] [main] INFO  org.jgap.gp.impl.GPGenotype  - Best solution fitness: 10.0
[21.11.2015 16:49:43,084] [main] INFO  org.jgap.gp.impl.GPGenotype  - Best solution: ((4 + Y) + (X * 3)) + ((X * X) + (3 + Y))
[21.11.2015 16:49:43,084] [main] INFO  org.jgap.gp.impl.GPGenotype  - Depth of chrom: 3
[21.11.2015 16:49:43,201] [main] INFO  org.jgap.gp.impl.GPGenotype  - Best solution fitness: 0.0
[21.11.2015 16:49:43,201] [main] INFO  org.jgap.gp.impl.GPGenotype  - Best solution: (X + X) + (((Y + Y) + (X + 5)) + (X * X))
[21.11.2015 16:49:43,202] [main] INFO  org.jgap.gp.impl.GPGenotype  - Depth of chrom: 4
[21.11.2015 16:49:44,112] [main] INFO  org.jgap.gp.impl.GPGenotype  - Evolving generation 25, memory free: 179.6 MB
[21.11.2015 16:49:44,276] [main] INFO  org.jgap.gp.impl.GPGenotype  - Best solution fitness: 0.0
[21.11.2015 16:49:44,276] [main] INFO  org.jgap.gp.impl.GPGenotype  - Best solution: (X + X) + (((Y + Y) + (X + 5)) + (X * X))
[21.11.2015 16:49:44,277] [main] INFO  org.jgap.gp.impl.GPGenotype  - Depth of chrom: 4
[21.11.2015 16:49:46,362] [main] INFO  org.jgap.gp.impl.GPGenotype  - Creating initial population
[21.11.2015 16:49:46,370] [main] INFO  org.jgap.gp.impl.GPGenotype  - Mem free: 245.5 MB
[21.11.2015 16:50:25,132] [main] INFO  org.jgap.gp.impl.GPGenotype  - Creating initial population
[21.11.2015 16:50:25,138] [main] INFO  org.jgap.gp.impl.GPGenotype  - Mem free: 245.5 MB
[21.11.2015 16:50:50,379] [main] INFO  org.jgap.gp.impl.GPGenotype  - Creating initial population
[21.11.2015 16:50:50,384] [main] INFO  org.jgap.gp.impl.GPGenotype  - Mem free: 245.5 MB
[21.11.2015 16:50:50,395] [main] INFO  org.jgap.gp.impl.GPPopulation  - Prototype program set
[21.11.2015 16:50:50,439] [main] INFO  org.jgap.gp.impl.GPGenotype  - Mem free after creating population: 245.5 MB
[21.11.2015 16:50:50,442] [main] INFO  org.jgap.gp.impl.GPGenotype  - Your configuration does not contain unused commands, this is good
[21.11.2015 16:50:50,442] [main] INFO  org.jgap.gp.impl.GPGenotype  - Evolving generation 0, memory free: 242.4 MB
[21.11.2015 16:50:50,510] [main] INFO  org.jgap.gp.impl.GPGenotype  - Best solution fitness: 88.0
[21.11.2015 16:50:50,512] [main] INFO  org.jgap.gp.impl.GPGenotype  - Best solution: ((X + Y) + (X * X)) + ((X + 4) + (Y + Y))
[21.11.2015 16:50:50,513] [main] INFO  org.jgap.gp.impl.GPGenotype  - Depth of chrom: 3
[21.11.2015 16:50:50,622] [main] INFO  org.jgap.gp.impl.GPGenotype  - Best solution fitness: 70.0
[21.11.2015 16:50:50,623] [main] INFO  org.jgap.gp.impl.GPGenotype  - Best solution: (X * X) + (3 * (Y + X))
[21.11.2015 16:50:50,623] [main] INFO  org.jgap.gp.impl.GPGenotype  - Depth of chrom: 3
[21.11.2015 16:50:50,681] [main] INFO  org.jgap.gp.impl.GPGenotype  - Best solution fitness: 25.0
[21.11.2015 16:50:50,682] [main] INFO  org.jgap.gp.impl.GPGenotype  - Best solution: (X + Y) + (X + ((X * X) + (Y + X)))
[21.11.2015 16:50:50,682] [main] INFO  org.jgap.gp.impl.GPGenotype  - Depth of chrom: 4
[21.11.2015 16:50:50,709] [main] INFO  org.jgap.gp.impl.GPGenotype  - Best solution fitness: 15.0
[21.11.2015 16:50:50,710] [main] INFO  org.jgap.gp.impl.GPGenotype  - Best solution: (X + (8 + Y)) + (X + ((X * X) + (Y + X)))
[21.11.2015 16:50:50,710] [main] INFO  org.jgap.gp.impl.GPGenotype  - Depth of chrom: 4
[21.11.2015 16:50:50,735] [main] INFO  org.jgap.gp.impl.GPGenotype  - Best solution fitness: 10.0
[21.11.2015 16:50:50,736] [main] INFO  org.jgap.gp.impl.GPGenotype  - Best solution: 3 + ((Y + (X + ((X + (X * X)) + X))) + Y)
[21.11.2015 16:50:50,736] [main] INFO  org.jgap.gp.impl.GPGenotype  - Depth of chrom: 7
[21.11.2015 16:50:50,760] [main] INFO  org.jgap.gp.impl.GPGenotype  - Best solution fitness: 5.0
[21.11.2015 16:50:50,760] [main] INFO  org.jgap.gp.impl.GPGenotype  - Best solution: X + ((6 + ((X * X) + ((X + Y) + Y))) + X)
[21.11.2015 16:50:50,761] [main] INFO  org.jgap.gp.impl.GPGenotype  - Depth of chrom: 6
[21.11.2015 16:50:50,881] [main] INFO  org.jgap.gp.impl.GPGenotype  - Best solution fitness: 0.0
[21.11.2015 16:50:50,882] [main] INFO  org.jgap.gp.impl.GPGenotype  - Best solution: 1 + ((((((X * X) + X) + 4) + (Y + X)) + X) + Y)
[21.11.2015 16:50:50,883] [main] INFO  org.jgap.gp.impl.GPGenotype  - Depth of chrom: 7
[21.11.2015 16:50:50,934] [main] INFO  org.jgap.gp.impl.GPGenotype  - Evolving generation 25, memory free: 197.0 MB
[21.11.2015 16:50:50,996] [main] INFO  org.jgap.gp.impl.GPGenotype  - Best solution fitness: 0.0
[21.11.2015 16:50:50,997] [main] INFO  org.jgap.gp.impl.GPGenotype  - Best solution: 1 + ((((((X * X) + X) + 4) + (Y + X)) + X) + Y)
[21.11.2015 16:50:50,997] [main] INFO  org.jgap.gp.impl.GPGenotype  - Depth of chrom: 7
[21.11.2015 16:50:51,763] [main] INFO  org.jgap.gp.impl.GPGenotype  - Creating initial population
[21.11.2015 16:50:51,772] [main] INFO  org.jgap.gp.impl.GPGenotype  - Mem free: 245.5 MB
[21.11.2015 16:51:09,977] [main] INFO  org.jgap.gp.impl.GPGenotype  - Creating initial population
[21.11.2015 16:51:09,984] [main] INFO  org.jgap.gp.impl.GPGenotype  - Mem free: 245.5 MB
[21.11.2015 16:51:54,852] [main] INFO  org.jgap.gp.impl.GPGenotype  - Creating initial population
[21.11.2015 16:51:54,859] [main] INFO  org.jgap.gp.impl.GPGenotype  - Mem free: 245.5 MB
[21.11.2015 16:53:00,211] [main] INFO  org.jgap.gp.impl.GPGenotype  - Creating initial population
[21.11.2015 16:53:00,218] [main] INFO  org.jgap.gp.impl.GPGenotype  - Mem free: 245.5 MB
[21.11.2015 16:53:34,237] [main] INFO  org.jgap.gp.impl.GPGenotype  - Creating initial population
[21.11.2015 16:53:34,244] [main] INFO  org.jgap.gp.impl.GPGenotype  - Mem free: 245.5 MB
[21.11.2015 16:53:42,392] [main] INFO  org.jgap.gp.impl.GPGenotype  - Creating initial population
[21.11.2015 16:53:42,398] [main] INFO  org.jgap.gp.impl.GPGenotype  - Mem free: 245.5 MB
[21.11.2015 16:54:30,761] [main] INFO  org.jgap.gp.impl.GPGenotype  - Creating initial population
[21.11.2015 16:54:30,769] [main] INFO  org.jgap.gp.impl.GPGenotype  - Mem free: 245.5 MB
[21.11.2015 16:55:15,199] [main] INFO  org.jgap.gp.impl.GPGenotype  - Creating initial population
[21.11.2015 16:55:15,206] [main] INFO  org.jgap.gp.impl.GPGenotype  - Mem free: 245.5 MB
[21.11.2015 16:55:47,622] [main] INFO  org.jgap.gp.impl.GPGenotype  - Creating initial population
[21.11.2015 16:55:47,628] [main] INFO  org.jgap.gp.impl.GPGenotype  - Mem free: 245.5 MB
[21.11.2015 16:56:04,585] [main] INFO  org.jgap.gp.impl.GPGenotype  - Creating initial population
[21.11.2015 16:56:04,592] [main] INFO  org.jgap.gp.impl.GPGenotype  - Mem free: 245.5 MB
[21.11.2015 16:56:22,563] [main] INFO  org.jgap.gp.impl.GPGenotype  - Creating initial population
[21.11.2015 16:56:22,571] [main] INFO  org.jgap.gp.impl.GPGenotype  - Mem free: 245.5 MB
[21.11.2015 16:57:02,039] [main] INFO  org.jgap.gp.impl.GPGenotype  - Creating initial population
[21.11.2015 16:57:02,046] [main] INFO  org.jgap.gp.impl.GPGenotype  - Mem free: 245.5 MB
[21.11.2015 16:57:32,354] [main] INFO  org.jgap.gp.impl.GPGenotype  - Creating initial population
[21.11.2015 16:57:32,361] [main] INFO  org.jgap.gp.impl.GPGenotype  - Mem free: 245.5 MB
[21.11.2015 17:00:43,313] [main] INFO  org.jgap.gp.impl.GPGenotype  - Creating initial population
[21.11.2015 17:00:43,326] [main] INFO  org.jgap.gp.impl.GPGenotype  - Mem free: 245.5 MB
[21.11.2015 17:00:45,046] [main] INFO  org.jgap.gp.impl.GPPopulation  - Prototype program set
[21.11.2015 17:00:45,140] [main] INFO  org.jgap.gp.impl.GPGenotype  - Mem free after creating population: 245.5 MB
[21.11.2015 17:00:45,148] [main] INFO  org.jgap.gp.impl.GPGenotype  - Your configuration does not contain unused commands, this is good
[21.11.2015 17:00:45,150] [main] INFO  org.jgap.gp.impl.GPGenotype  - Evolving generation 0, memory free: 242.5 MB
[21.11.2015 17:01:55,633] [main] INFO  org.jgap.gp.impl.GPGenotype  - Creating initial population
[21.11.2015 17:01:55,640] [main] INFO  org.jgap.gp.impl.GPGenotype  - Mem free: 245.5 MB
[21.11.2015 17:01:55,651] [main] INFO  org.jgap.gp.impl.GPPopulation  - Prototype program set
[21.11.2015 17:01:55,700] [main] INFO  org.jgap.gp.impl.GPGenotype  - Mem free after creating population: 245.5 MB
[21.11.2015 17:01:55,703] [main] INFO  org.jgap.gp.impl.GPGenotype  - Your configuration does not contain unused commands, this is good
[21.11.2015 17:01:55,708] [main] INFO  org.jgap.gp.impl.GPGenotype  - Evolving generation 0, memory free: 241.2 MB
[21.11.2015 17:02:51,371] [main] INFO  org.jgap.gp.impl.GPGenotype  - Creating initial population
[21.11.2015 17:02:51,378] [main] INFO  org.jgap.gp.impl.GPGenotype  - Mem free: 245.5 MB
[21.11.2015 17:02:51,390] [main] INFO  org.jgap.gp.impl.GPPopulation  - Prototype program set
[21.11.2015 17:02:51,435] [main] INFO  org.jgap.gp.impl.GPGenotype  - Mem free after creating population: 245.5 MB
[21.11.2015 17:02:51,437] [main] INFO  org.jgap.gp.impl.GPGenotype  - Your configuration does not contain unused commands, this is good
[21.11.2015 17:02:51,438] [main] INFO  org.jgap.gp.impl.GPGenotype  - Evolving generation 0, memory free: 242.5 MB
[21.11.2015 17:02:51,566] [main] INFO  org.jgap.gp.impl.GPGenotype  - Best solution fitness: 0.0
[21.11.2015 17:02:51,569] [main] INFO  org.jgap.gp.impl.GPGenotype  - Best solution: ((50 + Input) / (Inquiry / Inquiry)) * ((50 * RawFPcounts) - (Inquiry / AdjFP))
[21.11.2015 17:02:51,570] [main] INFO  org.jgap.gp.impl.GPGenotype  - Depth of chrom: 3
[21.11.2015 17:02:52,036] [main] INFO  org.jgap.gp.impl.GPGenotype  - Evolving generation 25, memory free: 207.9 MB
[21.11.2015 17:02:52,135] [main] INFO  org.jgap.gp.impl.GPGenotype  - Best solution fitness: 0.0
[21.11.2015 17:02:52,135] [main] INFO  org.jgap.gp.impl.GPGenotype  - Best solution: ((50 + Input) / (Inquiry / Inquiry)) * ((50 * RawFPcounts) - (Inquiry / AdjFP))
[21.11.2015 17:02:52,136] [main] INFO  org.jgap.gp.impl.GPGenotype  - Depth of chrom: 3
[21.11.2015 17:05:03,914] [main] INFO  org.jgap.gp.impl.GPGenotype  - Creating initial population
[21.11.2015 17:05:03,920] [main] INFO  org.jgap.gp.impl.GPGenotype  - Mem free: 245.5 MB
[21.11.2015 17:05:03,931] [main] INFO  org.jgap.gp.impl.GPPopulation  - Prototype program set
[21.11.2015 17:05:03,977] [main] INFO  org.jgap.gp.impl.GPGenotype  - Mem free after creating population: 245.5 MB
[21.11.2015 17:05:03,979] [main] INFO  org.jgap.gp.impl.GPGenotype  - Your configuration does not contain unused commands, this is good
[21.11.2015 17:05:03,980] [main] INFO  org.jgap.gp.impl.GPGenotype  - Evolving generation 0, memory free: 242.5 MB
[21.11.2015 17:05:04,096] [main] INFO  org.jgap.gp.impl.GPGenotype  - Best solution fitness: 0.0
[21.11.2015 17:05:04,099] [main] INFO  org.jgap.gp.impl.GPGenotype  - Best solution: (FPAdj - 24) * (Inquiry / Inquiry)
[21.11.2015 17:05:04,100] [main] INFO  org.jgap.gp.impl.GPGenotype  - Depth of chrom: 2
[21.11.2015 17:05:04,589] [main] INFO  org.jgap.gp.impl.GPGenotype  - Evolving generation 25, memory free: 204.7 MB
[21.11.2015 17:05:04,693] [main] INFO  org.jgap.gp.impl.GPGenotype  - Best solution fitness: 0.0
[21.11.2015 17:05:04,694] [main] INFO  org.jgap.gp.impl.GPGenotype  - Best solution: (FPAdj - 24) * (Inquiry / Inquiry)
[21.11.2015 17:05:04,694] [main] INFO  org.jgap.gp.impl.GPGenotype  - Depth of chrom: 2
[21.11.2015 17:12:40,791] [main] INFO  org.jgap.gp.impl.GPGenotype  - Creating initial population
[21.11.2015 17:12:40,798] [main] INFO  org.jgap.gp.impl.GPGenotype  - Mem free: 245.5 MB
[21.11.2015 17:12:40,810] [main] INFO  org.jgap.gp.impl.GPPopulation  - Prototype program set
[21.11.2015 17:12:40,860] [main] INFO  org.jgap.gp.impl.GPGenotype  - Mem free after creating population: 245.5 MB
[21.11.2015 17:12:40,863] [main] INFO  org.jgap.gp.impl.GPGenotype  - Your configuration does not contain unused commands, this is good
[21.11.2015 17:12:40,864] [main] INFO  org.jgap.gp.impl.GPGenotype  - Evolving generation 0, memory free: 242.5 MB
[21.11.2015 17:15:30,154] [main] INFO  org.jgap.gp.impl.GPGenotype  - Best solution fitness: 0.0
[21.11.2015 17:15:30,158] [main] INFO  org.jgap.gp.impl.GPGenotype  - Best solution: ((AdjFP / AdjFP) - (Output / 99)) - ((Input - RawFPcounts) / (Inquiry * Input))
[21.11.2015 17:15:30,159] [main] INFO  org.jgap.gp.impl.GPGenotype  - Depth of chrom: 3
[21.11.2015 17:15:31,292] [main] INFO  org.jgap.gp.impl.GPGenotype  - Evolving generation 25, memory free: 178.7 MB
[21.11.2015 17:15:31,466] [main] INFO  org.jgap.gp.impl.GPGenotype  - Best solution fitness: 0.0
[21.11.2015 17:15:31,466] [main] INFO  org.jgap.gp.impl.GPGenotype  - Best solution: ((AdjFP / AdjFP) - (Output / 99)) - ((Input - RawFPcounts) / (Inquiry * Input))
[21.11.2015 17:15:31,467] [main] INFO  org.jgap.gp.impl.GPGenotype  - Depth of chrom: 3
[21.11.2015 17:27:31,391] [main] INFO  org.jgap.gp.impl.GPGenotype  - Creating initial population
[21.11.2015 17:27:31,398] [main] INFO  org.jgap.gp.impl.GPGenotype  - Mem free: 245.5 MB
[21.11.2015 17:27:31,414] [main] INFO  org.jgap.gp.impl.GPPopulation  - Prototype program set
[21.11.2015 17:27:31,462] [main] INFO  org.jgap.gp.impl.GPGenotype  - Mem free after creating population: 245.5 MB
[21.11.2015 17:27:31,464] [main] INFO  org.jgap.gp.impl.GPGenotype  - Your configuration does not contain unused commands, this is good
[21.11.2015 17:27:31,465] [main] INFO  org.jgap.gp.impl.GPGenotype  - Evolving generation 0, memory free: 242.5 MB
[21.11.2015 17:28:15,215] [main] INFO  org.jgap.gp.impl.GPGenotype  - Creating initial population
[21.11.2015 17:28:15,223] [main] INFO  org.jgap.gp.impl.GPGenotype  - Mem free: 245.5 MB
[21.11.2015 17:28:15,237] [main] INFO  org.jgap.gp.impl.GPPopulation  - Prototype program set
[21.11.2015 17:28:15,295] [main] INFO  org.jgap.gp.impl.GPGenotype  - Mem free after creating population: 245.5 MB
[21.11.2015 17:28:15,298] [main] INFO  org.jgap.gp.impl.GPGenotype  - Your configuration does not contain unused commands, this is good
[21.11.2015 17:28:15,299] [main] INFO  org.jgap.gp.impl.GPGenotype  - Evolving generation 0, memory free: 242.5 MB
[21.11.2015 17:30:09,033] [main] INFO  org.jgap.gp.impl.GPGenotype  - Creating initial population
[21.11.2015 17:30:09,038] [main] INFO  org.jgap.gp.impl.GPGenotype  - Mem free: 245.5 MB
[21.11.2015 17:30:09,049] [main] INFO  org.jgap.gp.impl.GPPopulation  - Prototype program set
[21.11.2015 17:30:09,093] [main] INFO  org.jgap.gp.impl.GPGenotype  - Mem free after creating population: 245.5 MB
[21.11.2015 17:30:09,096] [main] INFO  org.jgap.gp.impl.GPGenotype  - Your configuration does not contain unused commands, this is good
[21.11.2015 17:30:09,097] [main] INFO  org.jgap.gp.impl.GPGenotype  - Evolving generation 0, memory free: 242.5 MB
[21.11.2015 17:30:09,236] [main] INFO  org.jgap.gp.impl.GPGenotype  - Best solution fitness: 0.0
[21.11.2015 17:30:09,239] [main] INFO  org.jgap.gp.impl.GPGenotype  - Best solution: ((FPAdj - Input) * (Inquiry / 85)) - ((AdjFP / File) - (85 * AdjFP))
[21.11.2015 17:30:09,240] [main] INFO  org.jgap.gp.impl.GPGenotype  - Depth of chrom: 3
[21.11.2015 17:30:09,777] [main] INFO  org.jgap.gp.impl.GPGenotype  - Evolving generation 25, memory free: 184.1 MB
[21.11.2015 17:30:09,879] [main] INFO  org.jgap.gp.impl.GPGenotype  - Best solution fitness: 0.0
[21.11.2015 17:30:09,879] [main] INFO  org.jgap.gp.impl.GPGenotype  - Best solution: ((FPAdj - Input) * (Inquiry / 85)) - ((AdjFP / File) - (85 * AdjFP))
[21.11.2015 17:30:09,880] [main] INFO  org.jgap.gp.impl.GPGenotype  - Depth of chrom: 3
[21.11.2015 17:32:16,160] [main] INFO  org.jgap.gp.impl.GPGenotype  - Creating initial population
[21.11.2015 17:32:16,166] [main] INFO  org.jgap.gp.impl.GPGenotype  - Mem free: 245.5 MB
[21.11.2015 17:32:16,177] [main] INFO  org.jgap.gp.impl.GPPopulation  - Prototype program set
[21.11.2015 17:32:16,265] [main] INFO  org.jgap.gp.impl.GPGenotype  - Mem free after creating population: 245.5 MB
[21.11.2015 17:32:16,269] [main] INFO  org.jgap.gp.impl.GPGenotype  - Your configuration does not contain unused commands, this is good
[21.11.2015 17:32:16,270] [main] INFO  org.jgap.gp.impl.GPGenotype  - Evolving generation 0, memory free: 242.6 MB
[21.11.2015 17:32:16,387] [main] INFO  org.jgap.gp.impl.GPGenotype  - Best solution fitness: 0.0
[21.11.2015 17:32:16,390] [main] INFO  org.jgap.gp.impl.GPGenotype  - Best solution: ((AdjFP / Output) * (FPAdj + AdjFP)) * ((AdjFP * 63) / (Inquiry / 63))
[21.11.2015 17:32:16,391] [main] INFO  org.jgap.gp.impl.GPGenotype  - Depth of chrom: 3
[21.11.2015 17:32:16,952] [main] INFO  org.jgap.gp.impl.GPGenotype  - Evolving generation 25, memory free: 276.4 MB
[21.11.2015 17:32:17,050] [main] INFO  org.jgap.gp.impl.GPGenotype  - Best solution fitness: 0.0
[21.11.2015 17:32:17,050] [main] INFO  org.jgap.gp.impl.GPGenotype  - Best solution: ((AdjFP / Output) * (FPAdj + AdjFP)) * ((AdjFP * 63) / (Inquiry / 63))
[21.11.2015 17:32:17,050] [main] INFO  org.jgap.gp.impl.GPGenotype  - Depth of chrom: 3
[21.11.2015 17:32:56,824] [main] INFO  org.jgap.gp.impl.GPGenotype  - Creating initial population
[21.11.2015 17:32:56,830] [main] INFO  org.jgap.gp.impl.GPGenotype  - Mem free: 245.5 MB
[21.11.2015 17:32:56,841] [main] INFO  org.jgap.gp.impl.GPPopulation  - Prototype program set
[21.11.2015 17:32:56,938] [main] INFO  org.jgap.gp.impl.GPGenotype  - Mem free after creating population: 245.5 MB
[21.11.2015 17:32:56,942] [main] INFO  org.jgap.gp.impl.GPGenotype  - Your configuration does not contain unused commands, this is good
[21.11.2015 17:32:56,943] [main] INFO  org.jgap.gp.impl.GPGenotype  - Evolving generation 0, memory free: 242.6 MB
[21.11.2015 17:32:57,069] [main] INFO  org.jgap.gp.impl.GPGenotype  - Best solution fitness: 261.0
[21.11.2015 17:32:57,070] [main] INFO  org.jgap.gp.impl.GPGenotype  - Best solution: File * FPAdj
[21.11.2015 17:32:57,071] [main] INFO  org.jgap.gp.impl.GPGenotype  - Depth of chrom: 1
[21.11.2015 17:32:57,374] [main] INFO  org.jgap.gp.impl.GPGenotype  - Best solution fitness: 248.0
[21.11.2015 17:32:57,374] [main] INFO  org.jgap.gp.impl.GPGenotype  - Best solution: FPAdj * (File * FPAdj)
[21.11.2015 17:32:57,375] [main] INFO  org.jgap.gp.impl.GPGenotype  - Depth of chrom: 2
[21.11.2015 17:32:57,514] [main] INFO  org.jgap.gp.impl.GPGenotype  - Best solution fitness: 245.0
[21.11.2015 17:32:57,515] [main] INFO  org.jgap.gp.impl.GPGenotype  - Best solution: FPAdj * ((File + FPAdj) * FPAdj)
[21.11.2015 17:32:57,515] [main] INFO  org.jgap.gp.impl.GPGenotype  - Depth of chrom: 3
[21.11.2015 17:32:57,819] [main] INFO  org.jgap.gp.impl.GPGenotype  - Evolving generation 25, memory free: 277.9 MB
[21.11.2015 17:32:57,901] [main] INFO  org.jgap.gp.impl.GPGenotype  - Best solution fitness: 245.0
[21.11.2015 17:32:57,902] [main] INFO  org.jgap.gp.impl.GPGenotype  - Best solution: FPAdj * ((File + FPAdj) * FPAdj)
[21.11.2015 17:32:57,902] [main] INFO  org.jgap.gp.impl.GPGenotype  - Depth of chrom: 3
[21.11.2015 17:34:12,281] [main] INFO  org.jgap.gp.impl.GPGenotype  - Creating initial population
[21.11.2015 17:34:12,286] [main] INFO  org.jgap.gp.impl.GPGenotype  - Mem free: 245.5 MB
[21.11.2015 17:34:12,298] [main] INFO  org.jgap.gp.impl.GPPopulation  - Prototype program set
[21.11.2015 17:34:12,397] [main] INFO  org.jgap.gp.impl.GPGenotype  - Mem free after creating population: 245.5 MB
[21.11.2015 17:34:12,399] [main] INFO  org.jgap.gp.impl.GPGenotype  - Your configuration does not contain unused commands, this is good
[21.11.2015 17:34:12,400] [main] INFO  org.jgap.gp.impl.GPGenotype  - Evolving generation 0, memory free: 242.6 MB
[21.11.2015 17:34:12,517] [main] INFO  org.jgap.gp.impl.GPGenotype  - Best solution fitness: 261.0
[21.11.2015 17:34:12,519] [main] INFO  org.jgap.gp.impl.GPGenotype  - Best solution: File * FPAdj
[21.11.2015 17:34:12,519] [main] INFO  org.jgap.gp.impl.GPGenotype  - Depth of chrom: 1
[21.11.2015 17:34:12,622] [main] INFO  org.jgap.gp.impl.GPGenotype  - Best solution fitness: 248.0
[21.11.2015 17:34:12,622] [main] INFO  org.jgap.gp.impl.GPGenotype  - Best solution: (File * FPAdj) * FPAdj
[21.11.2015 17:34:12,623] [main] INFO  org.jgap.gp.impl.GPGenotype  - Depth of chrom: 2
[21.11.2015 17:34:12,706] [main] INFO  org.jgap.gp.impl.GPGenotype  - Best solution fitness: 245.0
[21.11.2015 17:34:12,707] [main] INFO  org.jgap.gp.impl.GPGenotype  - Best solution: FPAdj * (FPAdj * (FPAdj + File))
[21.11.2015 17:34:12,708] [main] INFO  org.jgap.gp.impl.GPGenotype  - Depth of chrom: 3
[21.11.2015 17:34:13,092] [main] INFO  org.jgap.gp.impl.GPGenotype  - Evolving generation 25, memory free: 395.6 MB
[21.11.2015 17:34:13,249] [main] INFO  org.jgap.gp.impl.GPGenotype  - Best solution fitness: 245.0
[21.11.2015 17:34:13,250] [main] INFO  org.jgap.gp.impl.GPGenotype  - Best solution: FPAdj * (FPAdj * (FPAdj + File))
[21.11.2015 17:34:13,251] [main] INFO  org.jgap.gp.impl.GPGenotype  - Depth of chrom: 3
[21.11.2015 17:34:22,053] [main] INFO  org.jgap.gp.impl.GPGenotype  - Creating initial population
[21.11.2015 17:34:22,060] [main] INFO  org.jgap.gp.impl.GPGenotype  - Mem free: 245.5 MB
[21.11.2015 17:34:22,073] [main] INFO  org.jgap.gp.impl.GPPopulation  - Prototype program set
[21.11.2015 17:34:22,167] [main] INFO  org.jgap.gp.impl.GPGenotype  - Mem free after creating population: 245.5 MB
[21.11.2015 17:34:22,171] [main] INFO  org.jgap.gp.impl.GPGenotype  - Your configuration does not contain unused commands, this is good
[21.11.2015 17:34:22,172] [main] INFO  org.jgap.gp.impl.GPGenotype  - Evolving generation 0, memory free: 242.6 MB
[21.11.2015 17:34:22,285] [main] INFO  org.jgap.gp.impl.GPGenotype  - Best solution fitness: 261.0
[21.11.2015 17:34:22,286] [main] INFO  org.jgap.gp.impl.GPGenotype  - Best solution: File * FPAdj
[21.11.2015 17:34:22,287] [main] INFO  org.jgap.gp.impl.GPGenotype  - Depth of chrom: 1
[21.11.2015 17:34:22,398] [main] INFO  org.jgap.gp.impl.GPGenotype  - Best solution fitness: 260.0
[21.11.2015 17:34:22,398] [main] INFO  org.jgap.gp.impl.GPGenotype  - Best solution: FPAdj + (FPAdj * File)
[21.11.2015 17:34:22,399] [main] INFO  org.jgap.gp.impl.GPGenotype  - Depth of chrom: 2
[21.11.2015 17:34:22,416] [main] INFO  org.jgap.gp.impl.GPGenotype  - Best solution fitness: 248.0
[21.11.2015 17:34:22,417] [main] INFO  org.jgap.gp.impl.GPGenotype  - Best solution: FPAdj * (FPAdj * File)
[21.11.2015 17:34:22,417] [main] INFO  org.jgap.gp.impl.GPGenotype  - Depth of chrom: 2
[21.11.2015 17:34:22,542] [main] INFO  org.jgap.gp.impl.GPGenotype  - Best solution fitness: 245.0
[21.11.2015 17:34:22,542] [main] INFO  org.jgap.gp.impl.GPGenotype  - Best solution: FPAdj * (FPAdj * (File + FPAdj))
[21.11.2015 17:34:22,543] [main] INFO  org.jgap.gp.impl.GPGenotype  - Depth of chrom: 3
[21.11.2015 17:34:22,806] [main] INFO  org.jgap.gp.impl.GPGenotype  - Evolving generation 25, memory free: 400.9 MB
[21.11.2015 17:34:22,898] [main] INFO  org.jgap.gp.impl.GPGenotype  - Best solution fitness: 245.0
[21.11.2015 17:34:22,898] [main] INFO  org.jgap.gp.impl.GPGenotype  - Best solution: FPAdj * (FPAdj * (File + FPAdj))
[21.11.2015 17:34:22,898] [main] INFO  org.jgap.gp.impl.GPGenotype  - Depth of chrom: 3
[21.11.2015 17:35:25,850] [main] INFO  org.jgap.gp.impl.GPGenotype  - Creating initial population
[21.11.2015 17:35:25,856] [main] INFO  org.jgap.gp.impl.GPGenotype  - Mem free: 245.5 MB
[21.11.2015 17:35:25,867] [main] INFO  org.jgap.gp.impl.GPPopulation  - Prototype program set
[21.11.2015 17:35:25,910] [main] INFO  org.jgap.gp.impl.GPGenotype  - Mem free after creating population: 245.5 MB
[21.11.2015 17:35:25,912] [main] INFO  org.jgap.gp.impl.GPGenotype  - Your configuration does not contain unused commands, this is good
[21.11.2015 17:35:25,913] [main] INFO  org.jgap.gp.impl.GPGenotype  - Evolving generation 0, memory free: 242.4 MB
[21.11.2015 17:35:25,989] [main] INFO  org.jgap.gp.impl.GPGenotype  - Best solution fitness: 5.0
[21.11.2015 17:35:25,991] [main] INFO  org.jgap.gp.impl.GPGenotype  - Best solution: ((4 + X) + (X + X)) + ((Y + Y) + (X * X))
[21.11.2015 17:35:25,992] [main] INFO  org.jgap.gp.impl.GPGenotype  - Depth of chrom: 3
[21.11.2015 17:35:26,271] [main] INFO  org.jgap.gp.impl.GPGenotype  - Best solution fitness: 0.0
[21.11.2015 17:35:26,271] [main] INFO  org.jgap.gp.impl.GPGenotype  - Best solution: (X + Y) + ((Y + (5 + X)) + ((X * X) + X))
[21.11.2015 17:35:26,272] [main] INFO  org.jgap.gp.impl.GPGenotype  - Depth of chrom: 4
[21.11.2015 17:35:26,359] [main] INFO  org.jgap.gp.impl.GPGenotype  - Evolving generation 25, memory free: 194.6 MB
[21.11.2015 17:35:26,429] [main] INFO  org.jgap.gp.impl.GPGenotype  - Best solution fitness: 0.0
[21.11.2015 17:35:26,430] [main] INFO  org.jgap.gp.impl.GPGenotype  - Best solution: (X + Y) + ((Y + (5 + X)) + ((X * X) + X))
[21.11.2015 17:35:26,431] [main] INFO  org.jgap.gp.impl.GPGenotype  - Depth of chrom: 4
[21.11.2015 17:35:58,709] [main] INFO  org.jgap.gp.impl.GPGenotype  - Creating initial population
[21.11.2015 17:35:58,716] [main] INFO  org.jgap.gp.impl.GPGenotype  - Mem free: 245.5 MB
[21.11.2015 17:35:58,727] [main] INFO  org.jgap.gp.impl.GPPopulation  - Prototype program set
[21.11.2015 17:35:58,771] [main] INFO  org.jgap.gp.impl.GPGenotype  - Mem free after creating population: 245.5 MB
[21.11.2015 17:35:58,774] [main] INFO  org.jgap.gp.impl.GPGenotype  - Your configuration does not contain unused commands, this is good
[21.11.2015 17:35:58,776] [main] INFO  org.jgap.gp.impl.GPGenotype  - Evolving generation 0, memory free: 242.4 MB
[21.11.2015 17:35:58,856] [main] INFO  org.jgap.gp.impl.GPGenotype  - Best solution fitness: 113.0
[21.11.2015 17:35:58,858] [main] INFO  org.jgap.gp.impl.GPGenotype  - Best solution: X * (X + 4)
[21.11.2015 17:35:58,859] [main] INFO  org.jgap.gp.impl.GPGenotype  - Depth of chrom: 2
[21.11.2015 17:35:58,888] [main] INFO  org.jgap.gp.impl.GPGenotype  - Best solution fitness: 55.0
[21.11.2015 17:35:58,888] [main] INFO  org.jgap.gp.impl.GPGenotype  - Best solution: (X * X) + (((3 * X) + (3 + 3)) + ((3 * 3) + Y))
[21.11.2015 17:35:58,889] [main] INFO  org.jgap.gp.impl.GPGenotype  - Depth of chrom: 4
[21.11.2015 17:35:58,994] [main] INFO  org.jgap.gp.impl.GPGenotype  - Best solution fitness: 15.0
[21.11.2015 17:35:58,995] [main] INFO  org.jgap.gp.impl.GPGenotype  - Best solution: ((Y + (X + (X * X))) + (5 + Y)) + ((3 + X) + X)
[21.11.2015 17:35:58,996] [main] INFO  org.jgap.gp.impl.GPGenotype  - Depth of chrom: 5
[21.11.2015 17:35:59,024] [main] INFO  org.jgap.gp.impl.GPGenotype  - Best solution fitness: 0.0
[21.11.2015 17:35:59,025] [main] INFO  org.jgap.gp.impl.GPGenotype  - Best solution: (Y + ((X + X) + (Y + (X + (X * X))))) + 5
[21.11.2015 17:35:59,025] [main] INFO  org.jgap.gp.impl.GPGenotype  - Depth of chrom: 6
[21.11.2015 17:35:59,234] [main] INFO  org.jgap.gp.impl.GPGenotype  - Evolving generation 25, memory free: 195.1 MB
[21.11.2015 17:35:59,300] [main] INFO  org.jgap.gp.impl.GPGenotype  - Best solution fitness: 0.0
[21.11.2015 17:35:59,301] [main] INFO  org.jgap.gp.impl.GPGenotype  - Best solution: (Y + ((X + X) + (Y + (X + (X * X))))) + 5
[21.11.2015 17:35:59,301] [main] INFO  org.jgap.gp.impl.GPGenotype  - Depth of chrom: 6
[21.11.2015 17:36:07,119] [main] INFO  org.jgap.gp.impl.GPGenotype  - Creating initial population
[21.11.2015 17:36:07,124] [main] INFO  org.jgap.gp.impl.GPGenotype  - Mem free: 245.5 MB
[21.11.2015 17:36:07,136] [main] INFO  org.jgap.gp.impl.GPPopulation  - Prototype program set
[21.11.2015 17:36:07,216] [main] INFO  org.jgap.gp.impl.GPGenotype  - Mem free after creating population: 245.5 MB
[21.11.2015 17:36:07,219] [main] INFO  org.jgap.gp.impl.GPGenotype  - Your configuration does not contain unused commands, this is good
[21.11.2015 17:36:07,220] [main] INFO  org.jgap.gp.impl.GPGenotype  - Evolving generation 0, memory free: 242.6 MB
[21.11.2015 17:36:07,318] [main] INFO  org.jgap.gp.impl.GPGenotype  - Best solution fitness: 261.0
[21.11.2015 17:36:07,320] [main] INFO  org.jgap.gp.impl.GPGenotype  - Best solution: File * FPAdj
[21.11.2015 17:36:07,320] [main] INFO  org.jgap.gp.impl.GPGenotype  - Depth of chrom: 1
[21.11.2015 17:36:07,544] [main] INFO  org.jgap.gp.impl.GPGenotype  - Best solution fitness: 260.0
[21.11.2015 17:36:07,545] [main] INFO  org.jgap.gp.impl.GPGenotype  - Best solution: (File * FPAdj) + FPAdj
[21.11.2015 17:36:07,546] [main] INFO  org.jgap.gp.impl.GPGenotype  - Depth of chrom: 2
[21.11.2015 17:36:07,642] [main] INFO  org.jgap.gp.impl.GPGenotype  - Best solution fitness: 248.0
[21.11.2015 17:36:07,643] [main] INFO  org.jgap.gp.impl.GPGenotype  - Best solution: (File * FPAdj) * FPAdj
[21.11.2015 17:36:07,643] [main] INFO  org.jgap.gp.impl.GPGenotype  - Depth of chrom: 2
[21.11.2015 17:36:07,703] [main] INFO  org.jgap.gp.impl.GPGenotype  - Best solution fitness: 245.0
[21.11.2015 17:36:07,704] [main] INFO  org.jgap.gp.impl.GPGenotype  - Best solution: ((FPAdj + (File + 52)) * FPAdj) * FPAdj
[21.11.2015 17:36:07,704] [main] INFO  org.jgap.gp.impl.GPGenotype  - Depth of chrom: 4
[21.11.2015 17:36:08,035] [main] INFO  org.jgap.gp.impl.GPGenotype  - Evolving generation 25, memory free: 277.9 MB
[21.11.2015 17:36:08,438] [main] INFO  org.jgap.gp.impl.GPGenotype  - Evolving generation 50, memory free: 239.3 MB
[21.11.2015 17:36:09,032] [main] INFO  org.jgap.gp.impl.GPGenotype  - Evolving generation 75, memory free: 243.2 MB
[21.11.2015 17:36:09,434] [main] INFO  org.jgap.gp.impl.GPGenotype  - Best solution fitness: 245.0
[21.11.2015 17:36:09,435] [main] INFO  org.jgap.gp.impl.GPGenotype  - Best solution: ((FPAdj + (File + 52)) * FPAdj) * FPAdj
[21.11.2015 17:36:09,435] [main] INFO  org.jgap.gp.impl.GPGenotype  - Depth of chrom: 4
[21.11.2015 17:43:23,755] [main] INFO  org.jgap.gp.impl.GPGenotype  - Creating initial population
[21.11.2015 17:43:23,762] [main] INFO  org.jgap.gp.impl.GPGenotype  - Mem free: 245.5 MB
[21.11.2015 17:43:23,778] [main] INFO  org.jgap.gp.impl.GPPopulation  - Prototype program set
[21.11.2015 17:43:24,281] [main] INFO  org.jgap.gp.impl.GPGenotype  - Mem free after creating population: 245.5 MB
[21.11.2015 17:43:24,283] [main] INFO  org.jgap.gp.impl.GPGenotype  - Your configuration does not contain unused commands, this is good
[21.11.2015 17:43:24,284] [main] INFO  org.jgap.gp.impl.GPGenotype  - Evolving generation 0, memory free: 242.2 MB
[21.11.2015 17:43:31,296] [main] INFO  org.jgap.gp.impl.GPGenotype  - Best solution fitness: 515.0
[21.11.2015 17:43:31,298] [main] INFO  org.jgap.gp.impl.GPGenotype  - Best solution: (1 + 1) - (1 - 1)
[21.11.2015 17:43:31,298] [main] INFO  org.jgap.gp.impl.GPGenotype  - Depth of chrom: 2
[21.11.2015 17:43:33,679] [main] INFO  org.jgap.gp.impl.GPGenotype  - Evolving generation 25, memory free: 219.5 MB
[21.11.2015 17:43:36,027] [main] INFO  org.jgap.gp.impl.GPGenotype  - Best solution fitness: 515.0
[21.11.2015 17:43:36,028] [main] INFO  org.jgap.gp.impl.GPGenotype  - Best solution: (1 + 1) - (1 - 1)
[21.11.2015 17:43:36,028] [main] INFO  org.jgap.gp.impl.GPGenotype  - Depth of chrom: 2
[21.11.2015 17:44:48,314] [main] INFO  org.jgap.gp.impl.GPGenotype  - Creating initial population
[21.11.2015 17:44:48,320] [main] INFO  org.jgap.gp.impl.GPGenotype  - Mem free: 245.5 MB
[21.11.2015 17:44:48,332] [main] INFO  org.jgap.gp.impl.GPPopulation  - Prototype program set
[21.11.2015 17:44:48,689] [main] INFO  org.jgap.gp.impl.GPGenotype  - Mem free after creating population: 245.5 MB
[21.11.2015 17:44:48,691] [main] INFO  org.jgap.gp.impl.GPGenotype  - Your configuration does not contain unused commands, this is good
[21.11.2015 17:44:48,692] [main] INFO  org.jgap.gp.impl.GPGenotype  - Evolving generation 0, memory free: 242.2 MB
[21.11.2015 17:45:21,138] [main] INFO  org.jgap.gp.impl.GPGenotype  - Creating initial population
[21.11.2015 17:45:21,144] [main] INFO  org.jgap.gp.impl.GPGenotype  - Mem free: 245.5 MB
[21.11.2015 17:45:21,156] [main] INFO  org.jgap.gp.impl.GPPopulation  - Prototype program set
[21.11.2015 17:45:21,451] [main] INFO  org.jgap.gp.impl.GPGenotype  - Mem free after creating population: 245.5 MB
[21.11.2015 17:45:21,453] [main] INFO  org.jgap.gp.impl.GPGenotype  - Your configuration does not contain unused commands, this is good
[21.11.2015 17:45:21,454] [main] INFO  org.jgap.gp.impl.GPGenotype  - Evolving generation 0, memory free: 242.4 MB
[21.11.2015 17:45:27,491] [main] INFO  org.jgap.gp.impl.GPGenotype  - Best solution fitness: 515.0
[21.11.2015 17:45:27,492] [main] INFO  org.jgap.gp.impl.GPGenotype  - Best solution: 39
[21.11.2015 17:45:27,492] [main] INFO  org.jgap.gp.impl.GPGenotype  - Depth of chrom: 0
[21.11.2015 17:45:29,264] [main] INFO  org.jgap.gp.impl.GPGenotype  - Evolving generation 25, memory free: 169.6 MB
[21.11.2015 17:45:31,133] [main] INFO  org.jgap.gp.impl.GPGenotype  - Best solution fitness: 515.0
[21.11.2015 17:45:31,134] [main] INFO  org.jgap.gp.impl.GPGenotype  - Best solution: 39
[21.11.2015 17:45:31,134] [main] INFO  org.jgap.gp.impl.GPGenotype  - Depth of chrom: 0
[21.11.2015 17:45:43,927] [main] INFO  org.jgap.gp.impl.GPGenotype  - Creating initial population
[21.11.2015 17:45:43,932] [main] INFO  org.jgap.gp.impl.GPGenotype  - Mem free: 245.5 MB
[21.11.2015 17:45:43,943] [main] INFO  org.jgap.gp.impl.GPPopulation  - Prototype program set
[21.11.2015 17:45:44,036] [main] INFO  org.jgap.gp.impl.GPGenotype  - Mem free after creating population: 245.5 MB
[21.11.2015 17:45:44,038] [main] INFO  org.jgap.gp.impl.GPGenotype  - Your configuration does not contain unused commands, this is good
[21.11.2015 17:45:44,039] [main] INFO  org.jgap.gp.impl.GPGenotype  - Evolving generation 0, memory free: 242.4 MB
[21.11.2015 17:45:44,124] [main] INFO  org.jgap.gp.impl.GPGenotype  - Best solution fitness: 515.0
[21.11.2015 17:45:44,127] [main] INFO  org.jgap.gp.impl.GPGenotype  - Best solution: (4 * Input) * (Input - (Input * Input))
[21.11.2015 17:45:44,127] [main] INFO  org.jgap.gp.impl.GPGenotype  - Depth of chrom: 3
[21.11.2015 17:45:44,581] [main] INFO  org.jgap.gp.impl.GPGenotype  - Evolving generation 25, memory free: 268.6 MB
[21.11.2015 17:45:44,983] [main] INFO  org.jgap.gp.impl.GPGenotype  - Best solution fitness: 515.0
[21.11.2015 17:45:44,984] [main] INFO  org.jgap.gp.impl.GPGenotype  - Best solution: (4 * Input) * (Input - (Input * Input))
[21.11.2015 17:45:44,984] [main] INFO  org.jgap.gp.impl.GPGenotype  - Depth of chrom: 3
[21.11.2015 17:45:58,632] [main] INFO  org.jgap.gp.impl.GPGenotype  - Creating initial population
[21.11.2015 17:45:58,639] [main] INFO  org.jgap.gp.impl.GPGenotype  - Mem free: 245.5 MB
[21.11.2015 17:45:58,650] [main] INFO  org.jgap.gp.impl.GPPopulation  - Prototype program set
[21.11.2015 17:45:58,690] [main] INFO  org.jgap.gp.impl.GPGenotype  - Mem free after creating population: 245.5 MB
[21.11.2015 17:45:58,693] [main] INFO  org.jgap.gp.impl.GPGenotype  - Your configuration does not contain unused commands, this is good
[21.11.2015 17:45:58,694] [main] INFO  org.jgap.gp.impl.GPGenotype  - Evolving generation 0, memory free: 242.4 MB
[21.11.2015 17:45:58,761] [main] INFO  org.jgap.gp.impl.GPGenotype  - Best solution fitness: 90.0
[21.11.2015 17:45:58,764] [main] INFO  org.jgap.gp.impl.GPGenotype  - Best solution: (((X + 4) + (X + X)) + ((4 + X) + (X * X))) + Y
[21.11.2015 17:45:58,764] [main] INFO  org.jgap.gp.impl.GPGenotype  - Depth of chrom: 4
[21.11.2015 17:45:58,801] [main] INFO  org.jgap.gp.impl.GPGenotype  - Best solution fitness: 89.0
[21.11.2015 17:45:58,802] [main] INFO  org.jgap.gp.impl.GPGenotype  - Best solution: (Y + 3) + (((Y * 1) + (X * 1)) + ((Y + X) + (X * X)))
[21.11.2015 17:45:58,802] [main] INFO  org.jgap.gp.impl.GPGenotype  - Depth of chrom: 4
[21.11.2015 17:45:58,825] [main] INFO  org.jgap.gp.impl.GPGenotype  - Best solution fitness: 25.0
[21.11.2015 17:45:58,826] [main] INFO  org.jgap.gp.impl.GPGenotype  - Best solution: ((X + Y) + (X * 1)) + ((Y + X) + (X * X))
[21.11.2015 17:45:58,827] [main] INFO  org.jgap.gp.impl.GPGenotype  - Depth of chrom: 3
[21.11.2015 17:45:58,894] [main] INFO  org.jgap.gp.impl.GPGenotype  - Best solution fitness: 5.0
[21.11.2015 17:45:58,895] [main] INFO  org.jgap.gp.impl.GPGenotype  - Best solution: X + (4 + ((((X * X) + Y) + X) + (X + Y)))
[21.11.2015 17:45:58,896] [main] INFO  org.jgap.gp.impl.GPGenotype  - Depth of chrom: 6
[21.11.2015 17:45:59,082] [main] INFO  org.jgap.gp.impl.GPGenotype  - Best solution fitness: 0.0
[21.11.2015 17:45:59,083] [main] INFO  org.jgap.gp.impl.GPGenotype  - Best solution: X + ((Y + X) + (((5 + X) + (X * X)) + Y))
[21.11.2015 17:45:59,083] [main] INFO  org.jgap.gp.impl.GPGenotype  - Depth of chrom: 5
[21.11.2015 17:45:59,153] [main] INFO  org.jgap.gp.impl.GPGenotype  - Evolving generation 25, memory free: 194.8 MB
[21.11.2015 17:45:59,215] [main] INFO  org.jgap.gp.impl.GPGenotype  - Best solution fitness: 0.0
[21.11.2015 17:45:59,216] [main] INFO  org.jgap.gp.impl.GPGenotype  - Best solution: X + ((Y + X) + (((5 + X) + (X * X)) + Y))
[21.11.2015 17:45:59,216] [main] INFO  org.jgap.gp.impl.GPGenotype  - Depth of chrom: 5
[21.11.2015 17:46:01,961] [main] INFO  org.jgap.gp.impl.GPGenotype  - Creating initial population
[21.11.2015 17:46:01,967] [main] INFO  org.jgap.gp.impl.GPGenotype  - Mem free: 245.5 MB
[21.11.2015 17:46:01,979] [main] INFO  org.jgap.gp.impl.GPPopulation  - Prototype program set
[21.11.2015 17:46:02,019] [main] INFO  org.jgap.gp.impl.GPGenotype  - Mem free after creating population: 245.5 MB
[21.11.2015 17:46:02,021] [main] INFO  org.jgap.gp.impl.GPGenotype  - Your configuration does not contain unused commands, this is good
[21.11.2015 17:46:02,022] [main] INFO  org.jgap.gp.impl.GPGenotype  - Evolving generation 0, memory free: 242.4 MB
[21.11.2015 17:46:02,097] [main] INFO  org.jgap.gp.impl.GPGenotype  - Best solution fitness: 92.0
[21.11.2015 17:46:02,099] [main] INFO  org.jgap.gp.impl.GPGenotype  - Best solution: (((X + 6) + (X + Y)) + (X * X)) + ((1 * X) + (Y + Y))
[21.11.2015 17:46:02,100] [main] INFO  org.jgap.gp.impl.GPGenotype  - Depth of chrom: 4
[21.11.2015 17:46:02,135] [main] INFO  org.jgap.gp.impl.GPGenotype  - Best solution fitness: 74.0
[21.11.2015 17:46:02,136] [main] INFO  org.jgap.gp.impl.GPGenotype  - Best solution: ((4 + 4) + ((X * X) + (3 * Y))) + ((X + X) + 10)
[21.11.2015 17:46:02,136] [main] INFO  org.jgap.gp.impl.GPGenotype  - Depth of chrom: 4
[21.11.2015 17:46:02,157] [main] INFO  org.jgap.gp.impl.GPGenotype  - Best solution fitness: 70.0
[21.11.2015 17:46:02,157] [main] INFO  org.jgap.gp.impl.GPGenotype  - Best solution: ((Y + 5) + (X + X)) + ((5 + X) + (X * X))
[21.11.2015 17:46:02,158] [main] INFO  org.jgap.gp.impl.GPGenotype  - Depth of chrom: 3
[21.11.2015 17:46:02,213] [main] INFO  org.jgap.gp.impl.GPGenotype  - Best solution fitness: 5.0
[21.11.2015 17:46:02,217] [main] INFO  org.jgap.gp.impl.GPGenotype  - Best solution: ((X * X) + (X + X)) + ((X + 6) + (Y + Y))
[21.11.2015 17:46:02,218] [main] INFO  org.jgap.gp.impl.GPGenotype  - Depth of chrom: 3
[21.11.2015 17:46:02,439] [main] INFO  org.jgap.gp.impl.GPGenotype  - Best solution fitness: 0.0
[21.11.2015 17:46:02,440] [main] INFO  org.jgap.gp.impl.GPGenotype  - Best solution: (5 + X) + ((Y + Y) + ((X * X) + (X + X)))
[21.11.2015 17:46:02,440] [main] INFO  org.jgap.gp.impl.GPGenotype  - Depth of chrom: 4
[21.11.2015 17:46:02,487] [main] INFO  org.jgap.gp.impl.GPGenotype  - Evolving generation 25, memory free: 194.8 MB
[21.11.2015 17:46:02,562] [main] INFO  org.jgap.gp.impl.GPGenotype  - Best solution fitness: 0.0
[21.11.2015 17:46:02,563] [main] INFO  org.jgap.gp.impl.GPGenotype  - Best solution: (5 + X) + ((Y + Y) + ((X * X) + (X + X)))
[21.11.2015 17:46:02,564] [main] INFO  org.jgap.gp.impl.GPGenotype  - Depth of chrom: 4
[21.11.2015 17:46:07,630] [main] INFO  org.jgap.gp.impl.GPGenotype  - Creating initial population
[21.11.2015 17:46:07,635] [main] INFO  org.jgap.gp.impl.GPGenotype  - Mem free: 245.5 MB
[21.11.2015 17:46:07,646] [main] INFO  org.jgap.gp.impl.GPPopulation  - Prototype program set
[21.11.2015 17:46:07,734] [main] INFO  org.jgap.gp.impl.GPGenotype  - Mem free after creating population: 245.5 MB
[21.11.2015 17:46:07,736] [main] INFO  org.jgap.gp.impl.GPGenotype  - Your configuration does not contain unused commands, this is good
[21.11.2015 17:46:07,737] [main] INFO  org.jgap.gp.impl.GPGenotype  - Evolving generation 0, memory free: 242.4 MB
[21.11.2015 17:46:07,812] [main] INFO  org.jgap.gp.impl.GPGenotype  - Best solution fitness: 515.0
[21.11.2015 17:46:07,817] [main] INFO  org.jgap.gp.impl.GPGenotype  - Best solution: (Input - Input) * 14
[21.11.2015 17:46:07,818] [main] INFO  org.jgap.gp.impl.GPGenotype  - Depth of chrom: 2
[21.11.2015 17:46:08,287] [main] INFO  org.jgap.gp.impl.GPGenotype  - Evolving generation 25, memory free: 268.4 MB
[21.11.2015 17:46:08,668] [main] INFO  org.jgap.gp.impl.GPGenotype  - Best solution fitness: 515.0
[21.11.2015 17:46:08,668] [main] INFO  org.jgap.gp.impl.GPGenotype  - Best solution: (Input - Input) * 14
[21.11.2015 17:46:08,668] [main] INFO  org.jgap.gp.impl.GPGenotype  - Depth of chrom: 2
[21.11.2015 17:46:27,486] [main] INFO  org.jgap.gp.impl.GPGenotype  - Creating initial population
[21.11.2015 17:46:27,492] [main] INFO  org.jgap.gp.impl.GPGenotype  - Mem free: 245.5 MB
[21.11.2015 17:46:27,505] [main] INFO  org.jgap.gp.impl.GPPopulation  - Prototype program set
[21.11.2015 17:46:27,605] [main] INFO  org.jgap.gp.impl.GPGenotype  - Mem free after creating population: 245.5 MB
[21.11.2015 17:46:27,608] [main] INFO  org.jgap.gp.impl.GPGenotype  - Your configuration does not contain unused commands, this is good
[21.11.2015 17:46:27,609] [main] INFO  org.jgap.gp.impl.GPGenotype  - Evolving generation 0, memory free: 242.4 MB
[21.11.2015 17:46:27,707] [main] INFO  org.jgap.gp.impl.GPGenotype  - Best solution fitness: 0.0
[21.11.2015 17:46:27,711] [main] INFO  org.jgap.gp.impl.GPGenotype  - Best solution: ((63 / 63) / 63) + (((63 + 63) - (63 + Input)) - 63)
[21.11.2015 17:46:27,711] [main] INFO  org.jgap.gp.impl.GPGenotype  - Depth of chrom: 4
[21.11.2015 17:46:28,418] [main] INFO  org.jgap.gp.impl.GPGenotype  - Evolving generation 25, memory free: 249.1 MB
[21.11.2015 17:46:28,860] [main] INFO  org.jgap.gp.impl.GPGenotype  - Best solution fitness: 0.0
[21.11.2015 17:46:28,860] [main] INFO  org.jgap.gp.impl.GPGenotype  - Best solution: ((63 / 63) / 63) + (((63 + 63) - (63 + Input)) - 63)
[21.11.2015 17:46:28,861] [main] INFO  org.jgap.gp.impl.GPGenotype  - Depth of chrom: 4
[21.11.2015 17:46:35,991] [main] INFO  org.jgap.gp.impl.GPGenotype  - Creating initial population
[21.11.2015 17:46:35,998] [main] INFO  org.jgap.gp.impl.GPGenotype  - Mem free: 245.5 MB
[21.11.2015 17:46:36,010] [main] INFO  org.jgap.gp.impl.GPPopulation  - Prototype program set
[21.11.2015 17:46:36,107] [main] INFO  org.jgap.gp.impl.GPGenotype  - Mem free after creating population: 245.5 MB
[21.11.2015 17:46:36,110] [main] INFO  org.jgap.gp.impl.GPGenotype  - Your configuration does not contain unused commands, this is good
[21.11.2015 17:46:36,111] [main] INFO  org.jgap.gp.impl.GPGenotype  - Evolving generation 0, memory free: 242.5 MB
[21.11.2015 17:46:36,193] [main] INFO  org.jgap.gp.impl.GPGenotype  - Best solution fitness: 0.0
[21.11.2015 17:46:36,195] [main] INFO  org.jgap.gp.impl.GPGenotype  - Best solution: 21 / (Input - Input)
[21.11.2015 17:46:36,196] [main] INFO  org.jgap.gp.impl.GPGenotype  - Depth of chrom: 2
[21.11.2015 17:46:36,786] [main] INFO  org.jgap.gp.impl.GPGenotype  - Evolving generation 25, memory free: 251.9 MB
[21.11.2015 17:46:37,235] [main] INFO  org.jgap.gp.impl.GPGenotype  - Best solution fitness: 0.0
[21.11.2015 17:46:37,235] [main] INFO  org.jgap.gp.impl.GPGenotype  - Best solution: 21 / (Input - Input)
[21.11.2015 17:46:37,236] [main] INFO  org.jgap.gp.impl.GPGenotype  - Depth of chrom: 2
[21.11.2015 17:47:41,664] [main] INFO  org.jgap.gp.impl.GPGenotype  - Creating initial population
[21.11.2015 17:47:41,670] [main] INFO  org.jgap.gp.impl.GPGenotype  - Mem free: 245.5 MB
[21.11.2015 17:47:41,682] [main] INFO  org.jgap.gp.impl.GPPopulation  - Prototype program set
[21.11.2015 17:47:41,799] [main] INFO  org.jgap.gp.impl.GPGenotype  - Mem free after creating population: 245.5 MB
[21.11.2015 17:47:41,801] [main] INFO  org.jgap.gp.impl.GPGenotype  - Your configuration does not contain unused commands, this is good
[21.11.2015 17:47:41,802] [main] INFO  org.jgap.gp.impl.GPGenotype  - Evolving generation 0, memory free: 242.4 MB
[21.11.2015 17:47:41,883] [main] INFO  org.jgap.gp.impl.GPGenotype  - Best solution fitness: 0.0
[21.11.2015 17:47:41,887] [main] INFO  org.jgap.gp.impl.GPGenotype  - Best solution: (92 / 94) / (Input + 94)
[21.11.2015 17:47:41,888] [main] INFO  org.jgap.gp.impl.GPGenotype  - Depth of chrom: 2
[21.11.2015 17:47:42,520] [main] INFO  org.jgap.gp.impl.GPGenotype  - Evolving generation 25, memory free: 245.4 MB
[21.11.2015 17:47:42,982] [main] INFO  org.jgap.gp.impl.GPGenotype  - Best solution fitness: 0.0
[21.11.2015 17:47:42,982] [main] INFO  org.jgap.gp.impl.GPGenotype  - Best solution: (92 / 94) / (Input + 94)
[21.11.2015 17:47:42,982] [main] INFO  org.jgap.gp.impl.GPGenotype  - Depth of chrom: 2
[21.11.2015 17:48:21,297] [main] INFO  org.jgap.gp.impl.GPGenotype  - Creating initial population
[21.11.2015 17:48:21,305] [main] INFO  org.jgap.gp.impl.GPGenotype  - Mem free: 245.5 MB
[21.11.2015 17:48:21,317] [main] INFO  org.jgap.gp.impl.GPPopulation  - Prototype program set
[21.11.2015 17:48:21,669] [main] INFO  org.jgap.gp.impl.GPGenotype  - Mem free after creating population: 245.5 MB
[21.11.2015 17:48:21,672] [main] INFO  org.jgap.gp.impl.GPGenotype  - Your configuration does not contain unused commands, this is good
[21.11.2015 17:48:21,673] [main] INFO  org.jgap.gp.impl.GPGenotype  - Evolving generation 0, memory free: 242.4 MB
[21.11.2015 17:49:44,411] [main] INFO  org.jgap.gp.impl.GPGenotype  - Best solution fitness: 0.0
[21.11.2015 17:49:44,414] [main] INFO  org.jgap.gp.impl.GPGenotype  - Best solution: (Input / 53) * 38
[21.11.2015 17:49:44,415] [main] INFO  org.jgap.gp.impl.GPGenotype  - Depth of chrom: 2
[21.11.2015 17:49:46,496] [main] INFO  org.jgap.gp.impl.GPGenotype  - Evolving generation 25, memory free: 201.7 MB
[21.11.2015 17:49:48,571] [main] INFO  org.jgap.gp.impl.GPGenotype  - Best solution fitness: 0.0
[21.11.2015 17:49:48,571] [main] INFO  org.jgap.gp.impl.GPGenotype  - Best solution: (Input / 53) * 38
[21.11.2015 17:49:48,572] [main] INFO  org.jgap.gp.impl.GPGenotype  - Depth of chrom: 2
[21.11.2015 17:50:32,952] [main] INFO  org.jgap.gp.impl.GPGenotype  - Creating initial population
[21.11.2015 17:50:32,959] [main] INFO  org.jgap.gp.impl.GPGenotype  - Mem free: 245.5 MB
[21.11.2015 17:50:32,973] [main] INFO  org.jgap.gp.impl.GPPopulation  - Prototype program set
[21.11.2015 17:50:33,072] [main] INFO  org.jgap.gp.impl.GPGenotype  - Mem free after creating population: 245.5 MB
[21.11.2015 17:50:33,075] [main] INFO  org.jgap.gp.impl.GPGenotype  - Your configuration does not contain unused commands, this is good
[21.11.2015 17:50:33,076] [main] INFO  org.jgap.gp.impl.GPGenotype  - Evolving generation 0, memory free: 242.4 MB
[21.11.2015 17:50:33,168] [main] INFO  org.jgap.gp.impl.GPGenotype  - Best solution fitness: 0.0
[21.11.2015 17:50:33,171] [main] INFO  org.jgap.gp.impl.GPGenotype  - Best solution: (Input * 65) / (65 / Input)
[21.11.2015 17:50:33,171] [main] INFO  org.jgap.gp.impl.GPGenotype  - Depth of chrom: 2
[21.11.2015 17:50:33,685] [main] INFO  org.jgap.gp.impl.GPGenotype  - Evolving generation 25, memory free: 236.5 MB
[21.11.2015 17:50:34,146] [main] INFO  org.jgap.gp.impl.GPGenotype  - Best solution fitness: 0.0
[21.11.2015 17:50:34,146] [main] INFO  org.jgap.gp.impl.GPGenotype  - Best solution: (Input * 65) / (65 / Input)
[21.11.2015 17:50:34,146] [main] INFO  org.jgap.gp.impl.GPGenotype  - Depth of chrom: 2
[21.11.2015 17:50:38,228] [main] INFO  org.jgap.gp.impl.GPGenotype  - Creating initial population
[21.11.2015 17:50:38,234] [main] INFO  org.jgap.gp.impl.GPGenotype  - Mem free: 245.5 MB
[21.11.2015 17:50:38,246] [main] INFO  org.jgap.gp.impl.GPPopulation  - Prototype program set
[21.11.2015 17:50:38,345] [main] INFO  org.jgap.gp.impl.GPGenotype  - Mem free after creating population: 245.5 MB
[21.11.2015 17:50:38,347] [main] INFO  org.jgap.gp.impl.GPGenotype  - Your configuration does not contain unused commands, this is good
[21.11.2015 17:50:38,348] [main] INFO  org.jgap.gp.impl.GPGenotype  - Evolving generation 0, memory free: 242.4 MB
[21.11.2015 17:50:38,440] [main] INFO  org.jgap.gp.impl.GPGenotype  - Best solution fitness: 0.0
[21.11.2015 17:50:38,444] [main] INFO  org.jgap.gp.impl.GPGenotype  - Best solution: ((12 - 12) / (12 - 12)) - ((12 + 12) + (12 + 12))
[21.11.2015 17:50:38,445] [main] INFO  org.jgap.gp.impl.GPGenotype  - Depth of chrom: 3
[21.11.2015 17:50:38,956] [main] INFO  org.jgap.gp.impl.GPGenotype  - Evolving generation 25, memory free: 245.8 MB
[21.11.2015 17:50:39,426] [main] INFO  org.jgap.gp.impl.GPGenotype  - Best solution fitness: 0.0
[21.11.2015 17:50:39,427] [main] INFO  org.jgap.gp.impl.GPGenotype  - Best solution: ((12 - 12) / (12 - 12)) - ((12 + 12) + (12 + 12))
[21.11.2015 17:50:39,427] [main] INFO  org.jgap.gp.impl.GPGenotype  - Depth of chrom: 3
[21.11.2015 17:50:47,413] [main] INFO  org.jgap.gp.impl.GPGenotype  - Creating initial population
[21.11.2015 17:50:47,419] [main] INFO  org.jgap.gp.impl.GPGenotype  - Mem free: 245.5 MB
[21.11.2015 17:50:47,430] [main] INFO  org.jgap.gp.impl.GPPopulation  - Prototype program set
[21.11.2015 17:50:47,535] [main] INFO  org.jgap.gp.impl.GPGenotype  - Mem free after creating population: 245.5 MB
[21.11.2015 17:50:47,537] [main] INFO  org.jgap.gp.impl.GPGenotype  - Your configuration does not contain unused commands, this is good
[21.11.2015 17:50:47,538] [main] INFO  org.jgap.gp.impl.GPGenotype  - Evolving generation 0, memory free: 242.4 MB
[21.11.2015 17:50:47,620] [main] INFO  org.jgap.gp.impl.GPGenotype  - Best solution fitness: 0.0
[21.11.2015 17:50:47,622] [main] INFO  org.jgap.gp.impl.GPGenotype  - Best solution: ((Input - Input) / (Input * 57)) / ((Input + Input) - (Input + Input))
[21.11.2015 17:50:47,623] [main] INFO  org.jgap.gp.impl.GPGenotype  - Depth of chrom: 3
[21.11.2015 17:50:48,227] [main] INFO  org.jgap.gp.impl.GPGenotype  - Evolving generation 25, memory free: 233.6 MB
[21.11.2015 17:50:48,700] [main] INFO  org.jgap.gp.impl.GPGenotype  - Best solution fitness: 0.0
[21.11.2015 17:50:48,700] [main] INFO  org.jgap.gp.impl.GPGenotype  - Best solution: ((Input - Input) / (Input * 57)) / ((Input + Input) - (Input + Input))
[21.11.2015 17:50:48,701] [main] INFO  org.jgap.gp.impl.GPGenotype  - Depth of chrom: 3
[21.11.2015 18:11:39,323] [main] INFO  org.jgap.gp.impl.GPGenotype  - Creating initial population
[21.11.2015 18:11:39,329] [main] INFO  org.jgap.gp.impl.GPGenotype  - Mem free: 245.5 MB
[21.11.2015 18:11:39,341] [main] INFO  org.jgap.gp.impl.GPPopulation  - Prototype program set
[21.11.2015 18:11:39,437] [main] INFO  org.jgap.gp.impl.GPGenotype  - Mem free after creating population: 245.5 MB
[21.11.2015 18:11:39,440] [main] INFO  org.jgap.gp.impl.GPGenotype  - Your configuration does not contain unused commands, this is good
[21.11.2015 18:11:39,441] [main] INFO  org.jgap.gp.impl.GPGenotype  - Evolving generation 0, memory free: 242.5 MB
[21.11.2015 18:11:39,524] [main] INFO  org.jgap.gp.impl.GPGenotype  - Best solution fitness: 0.0
[21.11.2015 18:11:39,525] [main] INFO  org.jgap.gp.impl.GPGenotype  - Best solution: 12 / 12
[21.11.2015 18:11:39,525] [main] INFO  org.jgap.gp.impl.GPGenotype  - Depth of chrom: 1
[21.11.2015 18:11:40,039] [main] INFO  org.jgap.gp.impl.GPGenotype  - Evolving generation 25, memory free: 245.6 MB
[21.11.2015 18:11:40,497] [main] INFO  org.jgap.gp.impl.GPGenotype  - Best solution fitness: 0.0
[21.11.2015 18:11:40,497] [main] INFO  org.jgap.gp.impl.GPGenotype  - Best solution: 12 / 12
[21.11.2015 18:11:40,498] [main] INFO  org.jgap.gp.impl.GPGenotype  - Depth of chrom: 1
[21.11.2015 18:16:22,579] [main] INFO  org.jgap.gp.impl.GPGenotype  - Creating initial population
[21.11.2015 18:16:22,585] [main] INFO  org.jgap.gp.impl.GPGenotype  - Mem free: 245.5 MB
[21.11.2015 18:16:22,597] [main] INFO  org.jgap.gp.impl.GPPopulation  - Prototype program set
[21.11.2015 18:16:22,700] [main] INFO  org.jgap.gp.impl.GPGenotype  - Mem free after creating population: 245.5 MB
[21.11.2015 18:16:22,702] [main] INFO  org.jgap.gp.impl.GPGenotype  - Your configuration does not contain unused commands, this is good
[21.11.2015 18:16:22,703] [main] INFO  org.jgap.gp.impl.GPGenotype  - Evolving generation 0, memory free: 242.3 MB
[21.11.2015 18:16:22,782] [main] INFO  org.jgap.gp.impl.GPGenotype  - Best solution fitness: 0.0
[21.11.2015 18:16:22,785] [main] INFO  org.jgap.gp.impl.GPGenotype  - Best solution: (40 + 40) / 90
[21.11.2015 18:16:22,786] [main] INFO  org.jgap.gp.impl.GPGenotype  - Depth of chrom: 2
[21.11.2015 18:16:23,309] [main] INFO  org.jgap.gp.impl.GPGenotype  - Evolving generation 25, memory free: 229.8 MB
[21.11.2015 18:16:23,821] [main] INFO  org.jgap.gp.impl.GPGenotype  - Best solution fitness: 0.0
[21.11.2015 18:16:23,822] [main] INFO  org.jgap.gp.impl.GPGenotype  - Best solution: (40 + 40) / 90
[21.11.2015 18:16:23,822] [main] INFO  org.jgap.gp.impl.GPGenotype  - Depth of chrom: 2
[21.11.2015 18:18:28,439] [main] INFO  org.jgap.gp.impl.GPGenotype  - Creating initial population
[21.11.2015 18:18:28,445] [main] INFO  org.jgap.gp.impl.GPGenotype  - Mem free: 245.5 MB
[21.11.2015 18:18:28,456] [main] INFO  org.jgap.gp.impl.GPPopulation  - Prototype program set
[21.11.2015 18:18:28,570] [main] INFO  org.jgap.gp.impl.GPGenotype  - Mem free after creating population: 245.5 MB
[21.11.2015 18:18:28,572] [main] INFO  org.jgap.gp.impl.GPGenotype  - Your configuration does not contain unused commands, this is good
[21.11.2015 18:18:28,573] [main] INFO  org.jgap.gp.impl.GPGenotype  - Evolving generation 0, memory free: 242.2 MB
[21.11.2015 18:18:28,663] [main] INFO  org.jgap.gp.impl.GPGenotype  - Best solution fitness: 0.0
[21.11.2015 18:18:28,664] [main] INFO  org.jgap.gp.impl.GPGenotype  - Best solution: (20 * 30) / (31 - 31)
[21.11.2015 18:18:28,665] [main] INFO  org.jgap.gp.impl.GPGenotype  - Depth of chrom: 2
[21.11.2015 18:18:29,224] [main] INFO  org.jgap.gp.impl.GPGenotype  - Evolving generation 25, memory free: 225.8 MB
[21.11.2015 18:18:29,748] [main] INFO  org.jgap.gp.impl.GPGenotype  - Best solution fitness: 0.0
[21.11.2015 18:18:29,749] [main] INFO  org.jgap.gp.impl.GPGenotype  - Best solution: (20 * 30) / (31 - 31)
[21.11.2015 18:18:29,749] [main] INFO  org.jgap.gp.impl.GPGenotype  - Depth of chrom: 2
[21.11.2015 18:19:14,731] [main] INFO  org.jgap.gp.impl.GPGenotype  - Creating initial population
[21.11.2015 18:19:14,737] [main] INFO  org.jgap.gp.impl.GPGenotype  - Mem free: 245.5 MB
[21.11.2015 18:19:14,751] [main] INFO  org.jgap.gp.impl.GPPopulation  - Prototype program set
[21.11.2015 18:19:14,867] [main] INFO  org.jgap.gp.impl.GPGenotype  - Mem free after creating population: 245.5 MB
[21.11.2015 18:19:14,874] [main] INFO  org.jgap.gp.impl.GPGenotype  - Your configuration does not contain unused commands, this is good
[21.11.2015 18:19:14,876] [main] INFO  org.jgap.gp.impl.GPGenotype  - Evolving generation 0, memory free: 242.2 MB
[21.11.2015 18:19:15,046] [main] INFO  org.jgap.gp.impl.GPGenotype  - Best solution fitness: 0.0
[21.11.2015 18:19:15,048] [main] INFO  org.jgap.gp.impl.GPGenotype  - Best solution: (27 / (27 / 27)) - 27
[21.11.2015 18:19:15,048] [main] INFO  org.jgap.gp.impl.GPGenotype  - Depth of chrom: 3
[21.11.2015 18:19:15,726] [main] INFO  org.jgap.gp.impl.GPGenotype  - Evolving generation 25, memory free: 227.1 MB
[21.11.2015 18:19:16,227] [main] INFO  org.jgap.gp.impl.GPGenotype  - Best solution fitness: 0.0
[21.11.2015 18:19:16,228] [main] INFO  org.jgap.gp.impl.GPGenotype  - Best solution: (27 / (27 / 27)) - 27
[21.11.2015 18:19:16,228] [main] INFO  org.jgap.gp.impl.GPGenotype  - Depth of chrom: 3
[21.11.2015 18:33:49,003] [main] INFO  org.jgap.gp.impl.GPGenotype  - Creating initial population
[21.11.2015 18:33:49,010] [main] INFO  org.jgap.gp.impl.GPGenotype  - Mem free: 245.5 MB
[21.11.2015 18:33:49,022] [main] INFO  org.jgap.gp.impl.GPPopulation  - Prototype program set
[21.11.2015 18:33:49,131] [main] INFO  org.jgap.gp.impl.GPGenotype  - Mem free after creating population: 245.5 MB
[21.11.2015 18:33:49,134] [main] INFO  org.jgap.gp.impl.GPGenotype  - Your configuration does not contain unused commands, this is good
[21.11.2015 18:33:49,135] [main] INFO  org.jgap.gp.impl.GPGenotype  - Evolving generation 0, memory free: 242.2 MB
[21.11.2015 18:33:49,215] [main] INFO  org.jgap.gp.impl.GPGenotype  - Best solution fitness: 0.0
[21.11.2015 18:33:49,218] [main] INFO  org.jgap.gp.impl.GPGenotype  - Best solution: (39 - 39) / (39 / 98)
[21.11.2015 18:33:49,218] [main] INFO  org.jgap.gp.impl.GPGenotype  - Depth of chrom: 2
[21.11.2015 18:33:49,766] [main] INFO  org.jgap.gp.impl.GPGenotype  - Evolving generation 25, memory free: 229.5 MB
[21.11.2015 18:33:50,264] [main] INFO  org.jgap.gp.impl.GPGenotype  - Best solution fitness: 0.0
[21.11.2015 18:33:50,264] [main] INFO  org.jgap.gp.impl.GPGenotype  - Best solution: (39 - 39) / (39 / 98)
[21.11.2015 18:33:50,264] [main] INFO  org.jgap.gp.impl.GPGenotype  - Depth of chrom: 2
[21.11.2015 18:35:57,857] [main] INFO  org.jgap.gp.impl.GPGenotype  - Creating initial population
[21.11.2015 18:35:57,863] [main] INFO  org.jgap.gp.impl.GPGenotype  - Mem free: 245.5 MB
[21.11.2015 18:35:57,874] [main] INFO  org.jgap.gp.impl.GPPopulation  - Prototype program set
[21.11.2015 18:35:57,980] [main] INFO  org.jgap.gp.impl.GPGenotype  - Mem free after creating population: 245.5 MB
[21.11.2015 18:35:57,983] [main] INFO  org.jgap.gp.impl.GPGenotype  - Your configuration does not contain unused commands, this is good
[21.11.2015 18:35:57,984] [main] INFO  org.jgap.gp.impl.GPGenotype  - Evolving generation 0, memory free: 242.2 MB
[21.11.2015 18:35:58,071] [main] INFO  org.jgap.gp.impl.GPGenotype  - Best solution fitness: 0.0
[21.11.2015 18:35:58,072] [main] INFO  org.jgap.gp.impl.GPGenotype  - Best solution: 69 / 69
[21.11.2015 18:35:58,073] [main] INFO  org.jgap.gp.impl.GPGenotype  - Depth of chrom: 1
[21.11.2015 18:35:58,630] [main] INFO  org.jgap.gp.impl.GPGenotype  - Evolving generation 25, memory free: 229.5 MB
[21.11.2015 18:35:59,115] [main] INFO  org.jgap.gp.impl.GPGenotype  - Best solution fitness: 0.0
[21.11.2015 18:35:59,116] [main] INFO  org.jgap.gp.impl.GPGenotype  - Best solution: 69 / 69
[21.11.2015 18:35:59,116] [main] INFO  org.jgap.gp.impl.GPGenotype  - Depth of chrom: 1
[21.11.2015 18:38:51,042] [main] INFO  org.jgap.gp.impl.GPGenotype  - Creating initial population
[21.11.2015 18:38:51,049] [main] INFO  org.jgap.gp.impl.GPGenotype  - Mem free: 245.5 MB
[21.11.2015 18:38:51,061] [main] INFO  org.jgap.gp.impl.GPPopulation  - Prototype program set
[21.11.2015 18:38:51,169] [main] INFO  org.jgap.gp.impl.GPGenotype  - Mem free after creating population: 245.5 MB
[21.11.2015 18:38:51,173] [main] INFO  org.jgap.gp.impl.GPGenotype  - Your configuration does not contain unused commands, this is good
[21.11.2015 18:38:51,174] [main] INFO  org.jgap.gp.impl.GPGenotype  - Evolving generation 0, memory free: 242.2 MB
[21.11.2015 18:38:51,260] [main] INFO  org.jgap.gp.impl.GPGenotype  - Best solution fitness: 0.0
[21.11.2015 18:38:51,262] [main] INFO  org.jgap.gp.impl.GPGenotype  - Best solution: ((35 * 35) * (49 / 49)) / ((35 / 35) * (35 * 35))
[21.11.2015 18:38:51,262] [main] INFO  org.jgap.gp.impl.GPGenotype  - Depth of chrom: 3
[21.11.2015 18:38:51,823] [main] INFO  org.jgap.gp.impl.GPGenotype  - Evolving generation 25, memory free: 226.6 MB
[21.11.2015 18:38:52,333] [main] INFO  org.jgap.gp.impl.GPGenotype  - Best solution fitness: 0.0
[21.11.2015 18:38:52,334] [main] INFO  org.jgap.gp.impl.GPGenotype  - Best solution: ((35 * 35) * (49 / 49)) / ((35 / 35) * (35 * 35))
[21.11.2015 18:38:52,334] [main] INFO  org.jgap.gp.impl.GPGenotype  - Depth of chrom: 3
[21.11.2015 18:39:06,433] [main] INFO  org.jgap.gp.impl.GPGenotype  - Creating initial population
[21.11.2015 18:39:06,441] [main] INFO  org.jgap.gp.impl.GPGenotype  - Mem free: 245.5 MB
[21.11.2015 18:39:06,464] [main] INFO  org.jgap.gp.impl.GPPopulation  - Prototype program set
[21.11.2015 18:39:06,654] [main] INFO  org.jgap.gp.impl.GPGenotype  - Mem free after creating population: 245.5 MB
[21.11.2015 18:39:06,657] [main] INFO  org.jgap.gp.impl.GPGenotype  - Your configuration does not contain unused commands, this is good
[21.11.2015 18:39:06,659] [main] INFO  org.jgap.gp.impl.GPGenotype  - Evolving generation 0, memory free: 242.1 MB
[21.11.2015 18:39:06,749] [main] INFO  org.jgap.gp.impl.GPGenotype  - Best solution fitness: 0.0
[21.11.2015 18:39:06,753] [main] INFO  org.jgap.gp.impl.GPGenotype  - Best solution: ((60 * 60) * 54) * ((60 + 60) / (25 * 25))
[21.11.2015 18:39:06,754] [main] INFO  org.jgap.gp.impl.GPGenotype  - Depth of chrom: 3
[21.11.2015 18:39:07,396] [main] INFO  org.jgap.gp.impl.GPGenotype  - Evolving generation 25, memory free: 226.6 MB
[21.11.2015 18:39:07,905] [main] INFO  org.jgap.gp.impl.GPGenotype  - Best solution fitness: 0.0
[21.11.2015 18:39:07,906] [main] INFO  org.jgap.gp.impl.GPGenotype  - Best solution: ((60 * 60) * 54) * ((60 + 60) / (25 * 25))
[21.11.2015 18:39:07,906] [main] INFO  org.jgap.gp.impl.GPGenotype  - Depth of chrom: 3
[21.11.2015 18:39:07,922] [main] INFO  org.jgap.gp.impl.GPGenotype  - Creating initial population
[21.11.2015 18:39:07,922] [main] INFO  org.jgap.gp.impl.GPGenotype  - Mem free: 684.5 MB
[21.11.2015 18:39:07,922] [main] INFO  org.jgap.gp.impl.GPPopulation  - Prototype program set
[21.11.2015 18:39:07,956] [main] INFO  org.jgap.gp.impl.GPGenotype  - Mem free after creating population: 684.5 MB
[21.11.2015 18:39:07,956] [main] INFO  org.jgap.gp.impl.GPGenotype  - Your configuration does not contain unused commands, this is good
[21.11.2015 18:39:07,957] [main] INFO  org.jgap.gp.impl.GPGenotype  - Evolving generation 0, memory free: 672.6 MB
[21.11.2015 18:39:07,974] [main] INFO  org.jgap.gp.impl.GPGenotype  - Best solution fitness: 0.0
[21.11.2015 18:39:07,975] [main] INFO  org.jgap.gp.impl.GPGenotype  - Best solution: (58 - 58) + (58 / 58)
[21.11.2015 18:39:07,975] [main] INFO  org.jgap.gp.impl.GPGenotype  - Depth of chrom: 2
[21.11.2015 18:39:08,434] [main] INFO  org.jgap.gp.impl.GPGenotype  - Evolving generation 25, memory free: 229.4 MB
[21.11.2015 18:39:08,884] [main] INFO  org.jgap.gp.impl.GPGenotype  - Best solution fitness: 0.0
[21.11.2015 18:39:08,885] [main] INFO  org.jgap.gp.impl.GPGenotype  - Best solution: (58 - 58) + (58 / 58)
[21.11.2015 18:39:08,885] [main] INFO  org.jgap.gp.impl.GPGenotype  - Depth of chrom: 2
